<?xml version="1.0" encoding="UTF-8"?>
<!-- Generated by org.testng.reporters.JUnitReportReporter -->
<testsuite skipped="0" hostname="Nitish3147559" name="com.Insane.tests.LoginTest" tests="1" failures="0" timestamp="2019-09-27T17:14:32 IST" time="0.004" errors="0">
  <testcase name="verifyTitle" time="0.004" classname="com.Insane.tests.LoginTest"/>
</testsuite> <!-- com.Insane.tests.LoginTest -->
