<?xml version="1.0" encoding="UTF-8"?>
<!-- Generated by org.testng.reporters.JUnitReportReporter -->
<testsuite skipped="0" hostname="Nitish3147559" name="com.Insane.tests.LoginTest" tests="3" failures="0" timestamp="27 Sep 2019 18:53:57 GMT" time="0.022" errors="0">
  <testcase name="verifyTitle" time="0.001" classname="com.Insane.tests.LoginTest"/>
  <testcase name="verifyLoginButtonIsDisabled" time="0.020" classname="com.Insane.tests.LoginTest"/>
  <testcase name="verifyResetButtonPresent" time="0.001" classname="com.Insane.tests.LoginTest"/>
</testsuite> <!-- com.Insane.tests.LoginTest -->
